<?xml version="1.0" encoding="UTF-8"?>
<!-- Generated by org.testng.reporters.JUnitReportReporter -->
<testsuite skipped="0" hostname="Kavins-MacBook-Pro.local" name="tc.ShopTest" tests="3" failures="0" timestamp="2021-07-30T15:59:45 IST" time="7.208" errors="0">
  <testcase name="MobileCheckout" time="0.102" classname="tc.ShopTest"/>
  <system-out/>
  <testcase name="MobilePurchase" time="5.398" classname="tc.ShopTest"/>
  <system-out/>
  <testcase name="MobileBrandSelection" time="1.708" classname="tc.ShopTest"/>
  <system-out/>
</testsuite> <!-- tc.ShopTest -->
