<?xml version="1.0" encoding="UTF-8"?>
<!-- Generated by org.testng.reporters.JUnitReportReporter -->
<testsuite skipped="0" hostname="Kavins-MacBook-Pro.local" name="tc.PageTest" tests="3" failures="0" timestamp="2021-07-30T15:59:40 IST" time="2.011" errors="0">
  <testcase name="LoginPage" time="0.514" classname="tc.PageTest"/>
  <system-out/>
  <testcase name="LoginPage" time="0.597" classname="tc.PageTest"/>
  <system-out/>
  <testcase name="LoginPage" time="0.900" classname="tc.PageTest"/>
  <system-out/>
</testsuite> <!-- tc.PageTest -->
