<?xml version="1.0" encoding="UTF-8"?>
<!-- Generated by org.testng.reporters.JUnitReportReporter -->
<testsuite skipped="0" hostname="Kavins-MacBook-Pro.local" name="Cucumber.TestRunner.TestRunner" tests="3" failures="0" timestamp="2021-07-30T15:56:47 IST" time="27.304" errors="0">
  <testcase name="runScenario" time="9.512" classname="Cucumber.TestRunner.TestRunner"/>
  <system-out/>
  <testcase name="runScenario" time="8.909" classname="Cucumber.TestRunner.TestRunner"/>
  <system-out/>
  <testcase name="runScenario" time="8.883" classname="Cucumber.TestRunner.TestRunner"/>
  <system-out/>
</testsuite> <!-- Cucumber.TestRunner.TestRunner -->
